Below is a list of files we were unable to include in this backup. These files
are not missing, but were not available in our file-store cloud at the time the
tarball was made or are not backed up because they can be generated. In almost
all cases these will be resolved the next time you generate a backup or export.

/styles/large/public/europeana-logo-small.jpg: Generated files are not backed up
/styles/square_thumbnail/public/BikeCityGuide-two-Phones.jpg: Generated files are not backed up
/styles/large/public/speed dating.jpg: Generated files are not backed up
/styles/square_thumbnail/public/DDImage1.jpg: Generated files are not backed up
/styles/medium_large/public/HELDEV_logo_tagline_pieni%20etusivu.png: Generated files are not backed up
/styles/square_thumbnail/public/media-youtube/HwEMpYOvEzI.jpg: Generated files are not backed up
/styles/large/public/Eurapp Infographic.png: Generated files are not backed up
/styles/apps_featured_screenshot/public/apps/highlighted_screenshot_apps_0.png: Generated files are not backed up
/styles/square_thumbnail/public/01_business_from_open_data.PNG: Generated files are not backed up
/styles/square_thumbnail/public/Carambla_team.png: Generated files are not backed up
/styles/large/public/app structure - layout.jpg: Generated files are not backed up
/styles/square_thumbnail/public/ikringloop_image5.jpg: Generated files are not backed up
/styles/medium/public/Codebits-circles (2)_0.png: Generated files are not backed up
/styles/medium/public/NHTGcirclegrey.png: Generated files are not backed up
/styles/square_thumbnail/public/media-youtube/_rXX2_xOgRw.jpg: Generated files are not backed up
/styles/square_thumbnail/public/apps/redhen.png: Generated files are not backed up
/styles/medium/public/Hack4Med_slide.jpg: Generated files are not backed up
/styles/square_thumbnail/public/open stockholm.png: Generated files are not backed up
/styles/medium_large/public/Europeana_Logo_uk_3_0.jpg: Generated files are not backed up
/styles/square_thumbnail/public/Screenshot-2014-04-05-20.58.28.jpg: Generated files are not backed up
/styles/large/public/Esade5.png: Generated files are not backed up
/styles/square_thumbnail/public/Esade5.png: Generated files are not backed up
/styles/square_thumbnail/public/image041.png: Generated files are not backed up
/styles/medium_large/public/opendatafwd_image.jpg: Generated files are not backed up
/styles/square_thumbnail/public/speed dating_0.jpg: Generated files are not backed up
/styles/medium_large/public/Open Kratio.png: Generated files are not backed up
/styles/large/public/hacksanfermin_dash.jpg: Generated files are not backed up
/styles/large/public/app_tv_show_0.png: Generated files are not backed up
/styles/square_thumbnail/public/Coding da Vinci.jpg: Generated files are not backed up
/styles/square_thumbnail/public/europeana-logo-small.jpg: Generated files are not backed up
/styles/medium/public/europeana-logo-small.jpg: Generated files are not backed up
/styles/large/public/Europeana-demonstrator_small.png: Generated files are not backed up
/styles/square_thumbnail/public/logo_odhd3_sm.png: Generated files are not backed up
/styles/square_thumbnail/public/Esade7.png: Generated files are not backed up
/styles/large/public/image015.png: Generated files are not backed up
/styles/large/public/kulturrc3a5det-telemuseet.jpg: Generated files are not backed up
/styles/large/public/media-youtube/70O7JnGeA60.jpg: Generated files are not backed up
/styles/square_thumbnail/public/slide-2-638.jpg: Generated files are not backed up
/styles/square_thumbnail/public/image009.png: Generated files are not backed up
/styles/square_thumbnail/public/media-youtube/QkXtR5s01kU.jpg: Generated files are not backed up
/styles/large/public/hackathon.jpg: Generated files are not backed up
/styles/large/public/apps/location_0.png: Generated files are not backed up
/styles/square_thumbnail/public/image013.png: Generated files are not backed up
/styles/square_thumbnail/public/Esade1_0.png: Generated files are not backed up
/styles/square_thumbnail/public/FE_logo.png: Generated files are not backed up
/styles/square_thumbnail/public/_MG_4625.jpg: Generated files are not backed up
/styles/large/public/logocuadrado_0.png: Generated files are not backed up
/styles/medium/public/Open Kratio.png: Generated files are not backed up
/styles/square_thumbnail/public/media-youtube/A7BLcsm2xVQ.jpg: Generated files are not backed up
/styles/square_thumbnail/public/Maddata_logo_1_1.png: Generated files are not backed up
/styles/square_thumbnail/public/open stockholm_0.png: Generated files are not backed up
/styles/square_thumbnail/public/G38A9054.jpg: Generated files are not backed up
/styles/square_thumbnail/public/media-youtube/VmScBEOZ5_M.jpg: Generated files are not backed up
/styles/large/public/Logo cip.png: Generated files are not backed up
/styles/square_thumbnail/public/media-youtube/VrSI50z-Tow.jpg: Generated files are not backed up
/styles/large/public/Esade7.png: Generated files are not backed up
/styles/thumbnail/public/pictures/picture-7-1370262938.jpg: Generated files are not backed up
/styles/medium/public/resize (1).jpg: Generated files are not backed up
/styles/large/public/default-logo.png: Generated files are not backed up
/styles/square_thumbnail/public/media-youtube/ZzqxpTAskz0.jpg: Generated files are not backed up
/styles/large/public/European_app_centre_0.jpg: Generated files are not backed up
/styles/square_thumbnail/public/MuseOpenSource_image.jpg: Generated files are not backed up
/styles/large/public/Finn_mounting pics_270313_012.jpg: Generated files are not backed up
/styles/large/public/logo_deinvesteerdersclub.jpg: Generated files are not backed up
/styles/square_thumbnail/public/Eu_app_centre.png: Generated files are not backed up
/styles/medium_large/public/image_gallery.jpg: Generated files are not backed up
/styles/large/public/European_app_centre.jpg: Generated files are not backed up
/styles/medium_large/public/Hack4Med_slide.jpg: Generated files are not backed up
/styles/square_thumbnail/public/logo_flandersdc.jpg: Generated files are not backed up
/styles/large/public/appsforFlanders_0.png: Generated files are not backed up
/styles/large/public/automne numerique_1.jpg: Generated files are not backed up
/styles/large/public/Esade1_0.png: Generated files are not backed up
/styles/large/public/Sponsoring_SotM_Europe_2014-1.png: Generated files are not backed up
/styles/large/public/image055.png: Generated files are not backed up
/styles/large/public/image001.png: Generated files are not backed up
/styles/large/public/logo_odhd3_sm.png: Generated files are not backed up
/styles/large/public/homer_image.jpg: Generated files are not backed up
/styles/square_thumbnail/public/media-youtube/S0OMmcq9qrw.jpg: Generated files are not backed up
/styles/large/public/apps for finland 2.jpg: Generated files are not backed up
/styles/square_thumbnail/public/media-youtube/MUxSfQjd62Y.jpg: Generated files are not backed up
/styles/large/public/slide-5-638.jpg: Generated files are not backed up
/styles/square_thumbnail/public/Esade9.png: Generated files are not backed up
/styles/large/public/image053.png: Generated files are not backed up
/styles/large/public/image003.png: Generated files are not backed up
/styles/large/public/image001_0.png: Generated files are not backed up
/styles/medium/public/homer_image.jpg: Generated files are not backed up
/styles/medium/public/okfn.jpg: Generated files are not backed up
/styles/square_thumbnail/public/karen_0.png: Generated files are not backed up
/styles/apps_logo/public/apps/comment_0.png: Generated files are not backed up
/styles/square_thumbnail/public/image029.png: Generated files are not backed up
/styles/large/public/cropped-header6.jpg: Generated files are not backed up
/styles/large/public/apps/event_screenshot_apps_0_0.png: Generated files are not backed up
/styles/square_thumbnail/public/Sponsoring_SotM_Europe_2014-1.png: Generated files are not backed up
/styles/square_thumbnail/public/media-youtube/OaBHfLv4PLo.jpg: Generated files are not backed up
/styles/square_thumbnail/public/automne numerique_0.jpg: Generated files are not backed up
/styles/square_thumbnail/public/logo_petit.jpg: Generated files are not backed up
/styles/apps_logo/public/apps/link_0.png: Generated files are not backed up
/styles/square_thumbnail/public/image049.png: Generated files are not backed up
/styles/medium_large/public/logo_Italian.png: Generated files are not backed up
/styles/large/public/data_days_2014_1.jpg: Generated files are not backed up
/styles/square_thumbnail/public/Eurapp Infographic 2 (1).png: Generated files are not backed up
/styles/medium/public/Data days bigger pic.jpg: Generated files are not backed up
/styles/large/public/okfn.jpg: Generated files are not backed up
/styles/square_thumbnail/public/media-youtube/a3N-Lno2Bfo.jpg: Generated files are not backed up
/styles/square_thumbnail/public/apps/location_0.png: Generated files are not backed up
/styles/square_thumbnail/public/bot.png: Generated files are not backed up
/styles/large/public/logo_English_Salza.png: Generated files are not backed up
/styles/square_thumbnail/public/IMG_2438.jpg: Generated files are not backed up
/styles/square_thumbnail/public/logo startupboot camp.png: Generated files are not backed up
/styles/large/public/openspending-logo-l.png: Generated files are not backed up
/styles/large/public/image037.png: Generated files are not backed up
/styles/square_thumbnail/public/karen.png: Generated files are not backed up
/styles/square_thumbnail/public/media-youtube/AWw4Tmpk3t4.jpg: Generated files are not backed up
/styles/large/public/speed dating_0.jpg: Generated files are not backed up
/styles/medium/public/Sponsoring_SotM_Europe_2014-1.png: Generated files are not backed up
/styles/square_thumbnail/public/Europeana-demonstrator_small.png: Generated files are not backed up
/styles/medium_large/public/logo_odhd3_sm.png: Generated files are not backed up
/styles/square_thumbnail/public/logo1.png: Generated files are not backed up
/styles/medium/public/okfn_0.jpg: Generated files are not backed up
/styles/square_thumbnail/public/Nearhood_image2.png: Generated files are not backed up
/styles/medium/public/okfest-2014-logo1.png: Generated files are not backed up
/styles/medium_large/public/logo_English_Apples.png: Generated files are not backed up
/styles/medium_large/public/3G0nNvbo.png: Generated files are not backed up
/styles/square_thumbnail/public/FE_logo_1.png: Generated files are not backed up
/styles/large/public/Eu_app_centre.png: Generated files are not backed up
/styles/square_thumbnail/public/media-youtube/RqYg5hAPL3I.jpg: Generated files are not backed up
/styles/square_thumbnail/public/logo_English_Apples.png: Generated files are not backed up
/styles/square_thumbnail/public/01_business_from_open_data_0.PNG: Generated files are not backed up
/styles/square_thumbnail/public/GMDSP_Logo_Full_text_RGB1.png: Generated files are not backed up
/styles/large/public/Eurapp Infographic_1.png: Generated files are not backed up
/styles/square_thumbnail/public/Bbdmb2WIAAAAsyI.jpg: Generated files are not backed up
/styles/square_thumbnail/public/media-youtube/RYqxb-Ms_IQ.jpg: Generated files are not backed up
/styles/medium_large/public/https_proxy.png: Generated files are not backed up
/styles/medium_large/public/hacksanfermin_dash.jpg: Generated files are not backed up
/styles/large/public/resize (2).jpg: Generated files are not backed up
/styles/square_thumbnail/public/HACKATHONIST2014.jpg: Generated files are not backed up
/styles/large/public/apps/SEO_screenshot_apps_0_0.png: Generated files are not backed up
/styles/square_thumbnail/public/business lounge mash up.png: Generated files are not backed up
/styles/square_thumbnail/public/CIP little_0.png: Generated files are not backed up
/styles/square_thumbnail/public/MuseOpenSource_image_0.jpg: Generated files are not backed up
/styles/square_thumbnail/public/image_1.png: Generated files are not backed up
/styles/large/public/image029.png: Generated files are not backed up
/styles/square_thumbnail/public/Carambla_android.png: Generated files are not backed up
/styles/medium/public/apps for finland 2.jpg: Generated files are not backed up
/styles/large/public/image019.png: Generated files are not backed up
/styles/large/public/Carambla_image1.PNG: Generated files are not backed up
/styles/square_thumbnail/public/image039.png: Generated files are not backed up
/styles/apps_logo/public/apps/media_0.png: Generated files are not backed up
/styles/large/public/G38A9054.jpg: Generated files are not backed up
/styles/square_thumbnail/public/Eurapp Infographic.png: Generated files are not backed up
/styles/large/public/hackathon.png: Generated files are not backed up
/styles/square_thumbnail/public/logo_transparente-720.png: Generated files are not backed up
/styles/large/public/crowdpreneurship.jpg: Generated files are not backed up
/styles/square_thumbnail/public/media-youtube/VVeOGv-Am9k.jpg: Generated files are not backed up
/styles/square_thumbnail/public/hackathon.png: Generated files are not backed up
/styles/medium/public/Logo new.jpg: Generated files are not backed up
/styles/square_thumbnail/public/apps/SEO_screenshot_apps_0_0.png: Generated files are not backed up
/styles/large/public/pictures/picture-7-1370262938.jpg: Generated files are not backed up
/styles/square_thumbnail/public/media-youtube/mQCgciHXwkU.jpg: Generated files are not backed up
/styles/square_thumbnail/public/media-youtube/IDO5C2m2tvM.jpg: Generated files are not backed up
/styles/large/public/logo_flandersdc.jpg: Generated files are not backed up
/styles/square_thumbnail/public/piemontevisualcontest_logo-02.png: Generated files are not backed up
/styles/large/public/RafBuyleimage.png: Generated files are not backed up
/styles/large/public/SecondTake_Pics-1.png: Generated files are not backed up
/styles/square_thumbnail/public/europeana-logo-en_0.png: Generated files are not backed up
/styles/medium_large/public/GMDSP_Logo_Full_text_RGB1.png: Generated files are not backed up
/styles/large/public/Old-Maps-Online-Portal-Image.jpg: Generated files are not backed up
/styles/large/public/logo1.png: Generated files are not backed up
/styles/apps_logo/public/apps/blog_0.png: Generated files are not backed up
/styles/square_thumbnail/public/RSlogoroundedcorners (3).png: Generated files are not backed up
/styles/medium_large/public/okfest-2014-logo1.png: Generated files are not backed up
/styles/square_thumbnail/public/image033.png: Generated files are not backed up
/styles/square_thumbnail/public/automne numerique_1.jpg: Generated files are not backed up
/styles/large/public/europeana-logo-en.png: Generated files are not backed up
/styles/large/public/Esade6.png: Generated files are not backed up
/styles/medium_large/public/Codebits-circles (2)_0.png: Generated files are not backed up
/styles/medium/public/logo_English_Salza.png: Generated files are not backed up
/styles/medium_large/public/okfn_0.jpg: Generated files are not backed up
/styles/square_thumbnail/public/entrepreneur_in_residence.jpg: Generated files are not backed up
/styles/square_thumbnail/public/data_days_2014_2.jpg: Generated files are not backed up
/styles/square_thumbnail/public/in_residence.png: Generated files are not backed up
/styles/large/public/Sponsoring_SotM_Europe_2014-1.jpg: Generated files are not backed up
/styles/medium_large/public/eurapp_logo.png: Generated files are not backed up
/styles/square_thumbnail/public/neel.png: Generated files are not backed up
/styles/square_thumbnail/public/image005.png: Generated files are not backed up
/styles/large/public/Carambla_android.png: Generated files are not backed up
/styles/large/public/Codebits-circles (2).png: Generated files are not backed up
/styles/large/public/logo_peakcapital.jpg: Generated files are not backed up
/styles/square_thumbnail/public/pitch_an_app.png: Generated files are not backed up
/styles/medium_large/public/challange-energy&environment-v1.png: Generated files are not backed up
/styles/medium_large/public/JacathonLogo.jpg: Generated files are not backed up
/styles/square_thumbnail/public/Nearhood_image3_0.png: Generated files are not backed up
/styles/medium/public/https_proxy.png: Generated files are not backed up
/styles/square_thumbnail/public/app_tv_show_0.png: Generated files are not backed up
/styles/square_thumbnail/public/hackathon_0.jpg: Generated files are not backed up
/styles/medium/public/data_days_2014_2.jpg: Generated files are not backed up
/styles/square_thumbnail/public/media-youtube/xZDZ-E6Vxv4.jpg: Generated files are not backed up
/styles/large/public/new-euroepana-logo.jpg: Generated files are not backed up
/styles/large/public/FE_logo_1.png: Generated files are not backed up
/styles/square_thumbnail/public/crowdpreneur.png: Generated files are not backed up
/styles/square_thumbnail/public/new-euroepana-logo.jpg: Generated files are not backed up
/styles/large/public/logo_startupbootcamp.png: Generated files are not backed up
/styles/medium/public/HELDEV_logo_tagline_pieni%20etusivu.png: Generated files are not backed up
/styles/large/public/image023.png: Generated files are not backed up
/styles/thumbnail/public/pictures/picture-34-1371634196.jpg: Generated files are not backed up
/styles/medium_large/public/europeana-logo-small.jpg: Generated files are not backed up
/styles/large/public/ikringloop_image5.jpg: Generated files are not backed up
/styles/large/public/pitch_your_app.jpg: Generated files are not backed up
/styles/square_thumbnail/public/RafBuyleimage.png: Generated files are not backed up
/styles/medium_large/public/apps for finland 2.jpg: Generated files are not backed up
/styles/square_thumbnail/public/image007.png: Generated files are not backed up
/styles/large/public/MuseOpenSource_image.jpg: Generated files are not backed up
/styles/storify/public/modules/image/sample.png: Generated files are not backed up
/styles/large/public/https_proxy.png: Generated files are not backed up
/styles/large/public/pictures/picture-34-1371634196.jpg: Generated files are not backed up
/styles/square_thumbnail/public/image043.png: Generated files are not backed up
/styles/medium_large/public/RSlogoroundedcorners (3).png: Generated files are not backed up
/styles/large/public/data_days_2014_0.jpg: Generated files are not backed up
/styles/large/public/logo startupboot camp.png: Generated files are not backed up
/styles/medium/public/Europeana_Logo_uk_3_0.jpg: Generated files are not backed up
/styles/square_thumbnail/public/Codebits-circles (2).png: Generated files are not backed up
/styles/square_thumbnail/public/10_more_better_faster_together.PNG: Generated files are not backed up
/styles/medium/public/logo_odhd3_sm.png: Generated files are not backed up
/styles/square_thumbnail/public/media-youtube/OFrYrigQJUo.jpg: Generated files are not backed up
/styles/large/public/The_CloudNSci_Team.png: Generated files are not backed up
/styles/square_thumbnail/public/Data days bigger pic.jpg: Generated files are not backed up
/styles/large/public/image031.png: Generated files are not backed up
/styles/square_thumbnail/public/media-youtube/1WGNCv9A5Es.jpg: Generated files are not backed up
/styles/square_thumbnail/public/image015.png: Generated files are not backed up
/styles/medium/public/FE_logo_0.png: Generated files are not backed up
/styles/square_thumbnail/public/image031.png: Generated files are not backed up
/styles/large/public/CIP little_0.png: Generated files are not backed up
/styles/large/public/image013.png: Generated files are not backed up
/styles/large/public/Eurapp Infographic 2.png: Generated files are not backed up
/styles/square_thumbnail/public/The_CloudNSci_Team.png: Generated files are not backed up
/styles/square_thumbnail/public/Esade4.png: Generated files are not backed up
/styles/square_thumbnail/public/European_app_centre_0.jpg: Generated files are not backed up
/styles/large/public/Nearhood_image3.png: Generated files are not backed up
/styles/large/public/ProfilePhoto.png: Generated files are not backed up
/styles/medium/public/hacksanfermin_dash.jpg: Generated files are not backed up
/styles/medium/public/Sponsoring_SotM_Europe_2014-1.jpg: Generated files are not backed up
/styles/large/public/_MG_4625_0.jpg: Generated files are not backed up
/styles/large/public/image045.png: Generated files are not backed up
/styles/square_thumbnail/public/Open Kratio.png: Generated files are not backed up
/styles/large/public/FE_logo.png: Generated files are not backed up
/js/wysiwyg/wysiwyg_ckeditor_3RAbCHK4d4lzDI_o-2L1BkuWHnTyMAkMEW-GHEKw-wE.js: Generated files are not backed up
/styles/square_thumbnail/public/oldmapsonline-app.jpg: Generated files are not backed up
/styles/apps_logo/public/apps/debut.png: Generated files are not backed up
/styles/large/public/RSlogoroundedcorners (3).png: Generated files are not backed up
/styles/large/public/HACKATHONIST2014.jpg: Generated files are not backed up
/styles/square_thumbnail/public/rewired.jpg: Generated files are not backed up
/styles/square_thumbnail/public/media-youtube/ocvYicWpLI0.jpg: Generated files are not backed up
/styles/medium_large/public/data_days_2014_2.jpg: Generated files are not backed up
/styles/medium/public/challange-energy&environment-v1.png: Generated files are not backed up
/styles/square_thumbnail/public/Carambla_image1_0.PNG: Generated files are not backed up
/styles/square_thumbnail/public/Maddata_logo_1.jpg: Generated files are not backed up
/styles/medium/public/logo_English_Apples.png: Generated files are not backed up
/styles/large/public/10_more_better_faster_together.PNG: Generated files are not backed up
/styles/medium/public/Logo cip.png: Generated files are not backed up
/styles/square_thumbnail/public/image001.png: Generated files are not backed up
/styles/square_thumbnail/public/1016-republica-14_0.jpg: Generated files are not backed up
/styles/large/public/Screen shot 2013-07-25 at 15.52.59 copy.png: Generated files are not backed up
/styles/square_thumbnail/public/Hack4Med_slide.jpg: Generated files are not backed up
/styles/large/public/1016-republica-14.jpg: Generated files are not backed up
/styles/apps_logo_small/public/apps/section_0.png: Generated files are not backed up
/styles/large/public/image033.png: Generated files are not backed up
/styles/square_thumbnail/public/automne numerique.jpg: Generated files are not backed up
/styles/square_thumbnail/public/image037.png: Generated files are not backed up
/styles/square_thumbnail/public/media-youtube/scU_Af_uguM.jpg: Generated files are not backed up
/styles/large/public/image011.png: Generated files are not backed up
/styles/square_thumbnail/public/Esade6.png: Generated files are not backed up
/styles/square_thumbnail/public/media-youtube/hpGXvgeeTGo.jpg: Generated files are not backed up
/styles/square_thumbnail/public/media-youtube/koRlHiXKGvQ.jpg: Generated files are not backed up
/styles/medium/public/GMDSP_Logo_Full_text_RGB1.png: Generated files are not backed up
/styles/apps_logo/public/apps/highlighted_0.png: Generated files are not backed up
/styles/large/public/European Data Forum Logo.png: Generated files are not backed up
/styles/medium/public/image_gallery.jpg: Generated files are not backed up
/styles/large/public/oldmapsonline-app.jpg: Generated files are not backed up
/styles/square_thumbnail/public/NHTGcirclegrey.png: Generated files are not backed up
/styles/square_thumbnail/public/Finn_mounting pics_270313_012.jpg: Generated files are not backed up
/styles/large/public/Esade1.png: Generated files are not backed up
/styles/square_thumbnail/public/hackathonist.png: Generated files are not backed up
/styles/apps_screenshot/public/apps/link_screenshot_apps_0.png: Generated files are not backed up
/styles/square_thumbnail/public/Screen shot 2013-09-11 at 13.37.33.png: Generated files are not backed up
/styles/square_thumbnail/public/okfn.jpg: Generated files are not backed up
/styles/square_thumbnail/public/Eurapp Infographic_1.png: Generated files are not backed up
/styles/large/public/app_tv_show.png: Generated files are not backed up
/styles/square_thumbnail/public/media-youtube/HtoLt_0-_SI.jpg: Generated files are not backed up
/styles/square_thumbnail/public/apps/event_screenshot_apps_0_0.png: Generated files are not backed up
/styles/large/public/eurapp_logo.png: Generated files are not backed up
/styles/large/public/Codebits-circles (2)_0.png: Generated files are not backed up
/styles/square_thumbnail/public/media-youtube/-7m8TA3l3V0.jpg: Generated files are not backed up
/styles/square_thumbnail/public/European Data Forum Logo.png: Generated files are not backed up
/styles/large/public/rewired.jpg: Generated files are not backed up
/styles/large/public/appsforFlanders.png: Generated files are not backed up
/styles/large/public/_MG_4625.jpg: Generated files are not backed up
/styles/medium/public/open stockholm.png: Generated files are not backed up
/styles/square_thumbnail/public/media-youtube/sqAqc7ahW_E.jpg: Generated files are not backed up
/styles/square_thumbnail/public/image035.png: Generated files are not backed up
/styles/square_thumbnail/public/HELDEV_logo_tagline_pieni%20etusivu.png: Generated files are not backed up
/styles/large/public/challange-energy&environment-v1.png: Generated files are not backed up
/styles/square_thumbnail/public/media-youtube/KPh5IWlulUA.jpg: Generated files are not backed up
/styles/square_thumbnail/public/logo_Italian.png: Generated files are not backed up
/styles/large/public/app_reality_tv_show.jpg: Generated files are not backed up
/styles/square_thumbnail/public/hack4maltaq.jpg: Generated files are not backed up
/styles/square_thumbnail/public/trentiono_OD_challenge.png: Generated files are not backed up
/styles/large/public/ikringloop_0.jpg: Generated files are not backed up
/styles/medium_large/public/resize (1).jpg: Generated files are not backed up
/styles/square_thumbnail/public/speed dating.jpg: Generated files are not backed up
/styles/square_thumbnail/public/SecondTake_Concept_05.png: Generated files are not backed up
/styles/square_thumbnail/public/media-youtube/NqPd0yNi_cA.jpg: Generated files are not backed up
/styles/large/public/image007.png: Generated files are not backed up
/styles/large/public/image_gallery.jpg: Generated files are not backed up
/styles/apps_logo/public/apps/wysiwyg_0.png: Generated files are not backed up
/styles/large/public/Bbdmb2WIAAAAsyI.jpg: Generated files are not backed up
/styles/large/public/Hack4Med_slide.jpg: Generated files are not backed up
/styles/large/public/Encuentro Aporta.png: Generated files are not backed up
/styles/large/public/image009.png: Generated files are not backed up
/styles/large/public/screen480x480.jpeg: Generated files are not backed up
/styles/large/public/Eurapp Infographic 2 (1)_0.png: Generated files are not backed up
/styles/square_thumbnail/public/ikringloop_0.jpg: Generated files are not backed up
/styles/square_thumbnail/public/Competition_0.jpg: Generated files are not backed up
/styles/large/public/SecondTake_Concept_07.png: Generated files are not backed up
/styles/medium/public/hack4maltaq.jpg: Generated files are not backed up
/styles/square_thumbnail/public/data days kick off.jpg: Generated files are not backed up
/styles/large/public/IMG_2438.jpg: Generated files are not backed up
/styles/highlighted/public/business lounge mash up.png: Generated files are not backed up
/styles/square_thumbnail/public/hackathon.jpg: Generated files are not backed up
/styles/square_thumbnail/public/Team normal_12.JPG: Generated files are not backed up
/styles/apps_logo/public/apps/member_0.png: Generated files are not backed up
/styles/large/public/Esade4.png: Generated files are not backed up
/styles/square_thumbnail/public/Esade1.png: Generated files are not backed up
/styles/large/public/Competition_0.jpg: Generated files are not backed up
/styles/large/public/logo-transparent.png: Generated files are not backed up
/styles/square_thumbnail/public/slide-7-1024.jpg: Generated files are not backed up
/styles/square_thumbnail/public/resize (1)_0.jpg: Generated files are not backed up
/styles/large/public/hackathonist.png: Generated files are not backed up
/styles/square_thumbnail/public/media-youtube/7AbC5sPwhrM.jpg: Generated files are not backed up
/styles/square_thumbnail/public/logo_English_Salza.png: Generated files are not backed up
/styles/large/public/Esade9.png: Generated files are not backed up
/styles/square_thumbnail/public/default-logo.png: Generated files are not backed up
/styles/large/public/Esade2.png: Generated files are not backed up
/styles/large/public/bot.png: Generated files are not backed up
/styles/apps_logo/public/apps/seo_0.png: Generated files are not backed up
/styles/medium_large/public/NHTGcirclegrey.png: Generated files are not backed up
/styles/square_thumbnail/public/openspending-logo-l.png: Generated files are not backed up
/styles/large/public/image039.png: Generated files are not backed up
/styles/square_thumbnail/public/Eurapp Infographic 2.png: Generated files are not backed up
/styles/large/public/MuseOpenSource_image_0.jpg: Generated files are not backed up
/styles/square_thumbnail/public/challange-energy&environment-v1.png: Generated files are not backed up
/styles/square_thumbnail/public/FE_logo_0.png: Generated files are not backed up
/styles/large/public/Nearhood_image1.png: Generated files are not backed up
/styles/large/public/victor.png: Generated files are not backed up
/styles/large/public/data days kick off.jpg: Generated files are not backed up
/styles/square_thumbnail/public/kulturrc3a5det-telemuseet.jpg: Generated files are not backed up
/styles/square_thumbnail/public/1016-republica-14.jpg: Generated files are not backed up
/styles/large/public/image043.png: Generated files are not backed up
/styles/medium_large/public/Encuentro Aporta.png: Generated files are not backed up
/styles/medium_large/public/003372_57_031082.jpg: Generated files are not backed up
/styles/large/public/3G0nNvbo.png: Generated files are not backed up
/styles/square_thumbnail/public/image019.png: Generated files are not backed up
/styles/square_thumbnail/public/media-youtube/70O7JnGeA60.jpg: Generated files are not backed up
/styles/square_thumbnail/public/logo_startupbootcamp.png: Generated files are not backed up
/styles/large/public/resize (1)_0.jpg: Generated files are not backed up
/styles/large/public/logocuadrado.png: Generated files are not backed up
/styles/medium/public/FE_logo.png: Generated files are not backed up
/styles/medium/public/Europeana-demonstrator_small.png: Generated files are not backed up
/styles/apps_logo/public/apps/forum_0.png: Generated files are not backed up
/styles/apps_logo/public/apps/article_0.png: Generated files are not backed up
/styles/square_thumbnail/public/pictures/picture-34-1371634196.jpg: Generated files are not backed up
/styles/large/public/Screen shot 2013-09-11 at 13.37.33.png: Generated files are not backed up
/styles/square_thumbnail/public/image051.png: Generated files are not backed up
/styles/square_thumbnail/public/media-youtube/bB7dDjHQRmI.jpg: Generated files are not backed up
/styles/square_thumbnail/public/Maddata_logo_1.png: Generated files are not backed up
/styles/large/public/hackathon_0.jpg: Generated files are not backed up
/styles/square_thumbnail/public/oldmapsonline-app_0.jpg: Generated files are not backed up
/styles/large/public/NHTGcirclegrey.png: Generated files are not backed up
/styles/square_thumbnail/public/futureeverything-apps4eu.jpg: Generated files are not backed up
/styles/medium/public/europeana-logo-en.png: Generated files are not backed up
/styles/square_thumbnail/public/Esade8.png: Generated files are not backed up
/styles/square_thumbnail/public/app_reality_tv_show.jpg: Generated files are not backed up
/styles/large/public/Eurapp Infographic 2 (1).png: Generated files are not backed up
/styles/large/public/image017.png: Generated files are not backed up
/styles/large/public/pitch_an_app.png: Generated files are not backed up
/styles/square_thumbnail/public/_MG_4625_0.jpg: Generated files are not backed up
/styles/square_thumbnail/public/logo_peakcapital.jpg: Generated files are not backed up
/styles/large/public/data_days_2014_2.jpg: Generated files are not backed up
/styles/large/public/piemontevisualcontest_logo-02.png: Generated files are not backed up
/styles/medium_large/public/Logo new.jpg: Generated files are not backed up
/styles/medium_large/public/FE_logo.png: Generated files are not backed up
/styles/square_thumbnail/public/media-youtube/MSRkcuf1iJk.jpg: Generated files are not backed up
/styles/square_thumbnail/public/Capture.JPG: Generated files are not backed up
/styles/large/public/Carambla_logo.png: Generated files are not backed up
/styles/medium_large/public/1016-republica-14_0.jpg: Generated files are not backed up
/styles/large/public/media-youtube/sqAqc7ahW_E.jpg: Generated files are not backed up
/styles/large/public/Nearhood_image3_0.png: Generated files are not backed up
/styles/medium_large/public/europeana-logo-en.png: Generated files are not backed up
/styles/medium_large/public/data days kick off.jpg: Generated files are not backed up
/styles/large/public/Team normal_12.JPG: Generated files are not backed up
/styles/square_thumbnail/public/image_gallery.jpg: Generated files are not backed up
/styles/square_thumbnail/public/CIP little.png: Generated files are not backed up
/styles/square_thumbnail/public/SecondTake_Concept_07.png: Generated files are not backed up
/styles/large/public/image049.png: Generated files are not backed up
/styles/square_thumbnail/public/data_days_2014_0.jpg: Generated files are not backed up
/styles/medium_large/public/Data days bigger pic.jpg: Generated files are not backed up
/styles/square_thumbnail/public/apps for finland 2.jpg: Generated files are not backed up
/styles/large/public/science-capital-logo-white_large.jpg: Generated files are not backed up
/styles/large/public/Carambla_team.png: Generated files are not backed up
/styles/square_thumbnail/public/image023.png: Generated files are not backed up
/styles/large/public/01_business_from_open_data.PNG: Generated files are not backed up
/styles/large/public/futureeverything-apps4eu.jpg: Generated files are not backed up
/styles/square_thumbnail/public/media-youtube/lPmmyucbM4c.jpg: Generated files are not backed up
/styles/medium/public/1016-republica-14_0.jpg: Generated files are not backed up
/styles/large/public/Open Kratio.png: Generated files are not backed up
/styles/square_thumbnail/public/media-youtube/mqqh_ZnIgeI.jpg: Generated files are not backed up
/styles/square_thumbnail/public/003372_57_031082.jpg: Generated files are not backed up
/styles/large/public/Coding da Vinci.jpg: Generated files are not backed up
/styles/large/public/Esade8.png: Generated files are not backed up
/styles/square_thumbnail/public/pictures/picture-7-1370262938.jpg: Generated files are not backed up
/styles/square_thumbnail/public/image001_0.png: Generated files are not backed up
/styles/medium/public/eurapp_logo.png: Generated files are not backed up
/styles/medium/public/openspending-logo-l.png: Generated files are not backed up
/styles/medium_large/public/Europeana-demonstrator_small.png: Generated files are not backed up
/styles/square_thumbnail/public/logo_deinvesteerdersclub.jpg: Generated files are not backed up
/styles/medium/public/3G0nNvbo.png: Generated files are not backed up
/styles/apps_logo/public/apps/redhen.png: Generated files are not backed up
/styles/large/public/HELDEV_logo_tagline_pieni%20etusivu.png: Generated files are not backed up
/styles/medium/public/RSlogoroundedcorners (3).png: Generated files are not backed up
/styles/large/public/003372_57_031082.jpg: Generated files are not backed up
/styles/square_thumbnail/public/media-youtube/FqVK9n4wC94.jpg: Generated files are not backed up
/styles/large/public/Logo new.jpg: Generated files are not backed up
/styles/square_thumbnail/public/image017.png: Generated files are not backed up
/styles/square_thumbnail/public/okfest-2014-logo1.png: Generated files are not backed up
/styles/square_thumbnail/public/Old-Maps-Online-Portal-Image.jpg: Generated files are not backed up
/styles/square_thumbnail/public/crowdpreneurship.jpg: Generated files are not backed up
/styles/large/public/DDImage1.jpg: Generated files are not backed up
/styles/large/public/1016-republica-14_0.jpg: Generated files are not backed up
/styles/square_thumbnail/public/apps/location_screenshot_apps.png: Generated files are not backed up
/styles/square_thumbnail/public/image055.png: Generated files are not backed up
/styles/medium_large/public/European Data Forum Logo.png: Generated files are not backed up
/styles/large/public/media-youtube/RqYg5hAPL3I.jpg: Generated files are not backed up
/styles/square_thumbnail/public/apps/location.png: Generated files are not backed up
/styles/square_thumbnail/public/media-youtube/b8vkLoHp_2E.jpg: Generated files are not backed up
/styles/large/public/apps/location_screenshot_apps.png: Generated files are not backed up
/styles/large/public/BikeCityGuide-two-Phones.jpg: Generated files are not backed up
/styles/large/public/image047.png: Generated files are not backed up
/styles/large/public/crowdpreneur.png: Generated files are not backed up
/styles/large/public/SecondTake_Concept_01.png: Generated files are not backed up
/styles/square_thumbnail/public/Europeana-demonstrator_small_0.png: Generated files are not backed up
/styles/large/public/hack4maltaq.jpg: Generated files are not backed up
/styles/large/public/BgxXVnxIUAE38bk.jpg: Generated files are not backed up
/styles/medium/public/europeana-logo-en_0.png: Generated files are not backed up
/styles/square_thumbnail/public/media-youtube/UpUyI_p7x5E.jpg: Generated files are not backed up
/styles/medium_large/public/science-capital-logo-white_large.jpg: Generated files are not backed up
/styles/square_thumbnail/public/CIP little_1.png: Generated files are not backed up
/styles/square_thumbnail/public/ikringloop.png: Generated files are not backed up
/styles/large/public/resize (1).jpg: Generated files are not backed up
/styles/medium/public/Encuentro Aporta.png: Generated files are not backed up
/styles/medium_large/public/hack4maltaq.jpg: Generated files are not backed up
/styles/large/public/ikringloop.png: Generated files are not backed up
/styles/square_thumbnail/public/slide-5-638_0.jpg: Generated files are not backed up
/styles/medium_large/public/1016-republica-14.jpg: Generated files are not backed up
/styles/large/public/image035.png: Generated files are not backed up
/styles/medium/public/logo_Italian.png: Generated files are not backed up
/styles/square_thumbnail/public/Nearhood_image3.png: Generated files are not backed up
/styles/large/public/Europeana-demonstrator_small_0.png: Generated files are not backed up
/styles/square_thumbnail/public/BgxXVnxIUAE38bk.jpg: Generated files are not backed up
/styles/large/public/image041.png: Generated files are not backed up
/styles/medium_large/public/new-euroepana-logo.jpg: Generated files are not backed up
/styles/large/public/image005.png: Generated files are not backed up
/styles/square_thumbnail/public/Logo cip.png: Generated files are not backed up
/styles/medium/public/European_app_centre_0.jpg: Generated files are not backed up
/styles/square_thumbnail/public/Maddata_logo_2.png: Generated files are not backed up
/styles/square_thumbnail/public/BikeCityGuide-image1.jpg: Generated files are not backed up
/styles/square_thumbnail/public/image021.png: Generated files are not backed up
/css/follow.css: Generated files are not backed up
/styles/square_thumbnail/public/opendatafwd_image.jpg: Generated files are not backed up
/styles/medium_large/public/homer_image.jpg: Generated files are not backed up
/styles/large/public/in_residence.png: Generated files are not backed up
/styles/square_thumbnail/public/logocuadrado.png: Generated files are not backed up
/styles/square_thumbnail/public/media-youtube/OXsw7aiwcTw.jpg: Generated files are not backed up
/styles/large/public/Eurapp Infographic_0.png: Generated files are not backed up
/styles/medium_large/public/Sponsoring_SotM_Europe_2014-1.jpg: Generated files are not backed up
/styles/square_thumbnail/public/victor.png: Generated files are not backed up
/styles/large/public/oldmapsonline-app_0.jpg: Generated files are not backed up
/styles/square_thumbnail/public/https_proxy.png: Generated files are not backed up
/styles/medium_large/public/Maddata_logo_1.jpg: Generated files are not backed up
/styles/square_thumbnail/public/ProfilePhoto.png: Generated files are not backed up
/styles/large/public/Capture.JPG: Generated files are not backed up
/styles/square_thumbnail/public/Esade2.png: Generated files are not backed up
/styles/large/public/BikeCityGuide-image1.jpg: Generated files are not backed up
/styles/square_thumbnail/public/appsforFlanders.png: Generated files are not backed up
/styles/square_thumbnail/public/businesloung photo1.jpg: Generated files are not backed up
/styles/large/public/opendatafwd_image.jpg: Generated files are not backed up
/styles/large/public/thessaloniki_final.jpg: Generated files are not backed up
/styles/square_thumbnail/public/Encuentro Aporta.png: Generated files are not backed up
/styles/large/public/slide-7-1024.jpg: Generated files are not backed up
/styles/square_thumbnail/public/Nearhood_image1.png: Generated files are not backed up
/styles/large/public/image_1.png: Generated files are not backed up
/styles/square_thumbnail/public/Maddata_logo_1_0.png: Generated files are not backed up
/styles/large/public/automne numerique.jpg: Generated files are not backed up
/styles/large/public/image021.png: Generated files are not backed up
/styles/square_thumbnail/public/resize (1).jpg: Generated files are not backed up
/styles/square_thumbnail/public/SecondTake_Pics-1.png: Generated files are not backed up
/styles/large/public/karen_0.png: Generated files are not backed up
/styles/large/public/FE_logo_0.png: Generated files are not backed up
/styles/large/public/apps/redhen.png: Generated files are not backed up
/styles/large/public/logo_petit.jpg: Generated files are not backed up
/styles/large/public/image051.png: Generated files are not backed up
/styles/square_thumbnail/public/Carambla_image1.PNG: Generated files are not backed up
/styles/apps_logo_small/public/apps/link_0.png: Generated files are not backed up
/styles/apps_logo/public/apps/bio_0.png: Generated files are not backed up
/styles/square_thumbnail/public/media-youtube/clMOS7ARlSM.jpg: Generated files are not backed up
/styles/square_thumbnail/public/JacathonLogo.jpg: Generated files are not backed up
/styles/square_thumbnail/public/europeana-logo-en.png: Generated files are not backed up
/styles/large/public/image027.png: Generated files are not backed up
/styles/large/public/europeana-logo-en_0.png: Generated files are not backed up
/styles/medium_large/public/logo_English_Salza.png: Generated files are not backed up
/styles/large/public/GMDSP_Logo_Full_text_RGB1.png: Generated files are not backed up
/styles/large/public/01_business_from_open_data_0.PNG: Generated files are not backed up
/styles/square_thumbnail/public/logo-transparent.png: Generated files are not backed up
/styles/large/public/SecondTake_Concept_05.png: Generated files are not backed up
/styles/square_thumbnail/public/European_app_centre.jpg: Generated files are not backed up
/styles/large/public/Data days bigger pic.jpg: Generated files are not backed up
/styles/large/public/trentiono_OD_challenge.png: Generated files are not backed up
/styles/medium/public/1016-republica-14.jpg: Generated files are not backed up
/styles/square_thumbnail/public/media-youtube/oMOcw_xUH-M.jpg: Generated files are not backed up
/styles/large/public/business lounge mash up.png: Generated files are not backed up
/styles/square_thumbnail/public/pitch_your_app.jpg: Generated files are not backed up
/styles/square_thumbnail/public/SecondTake_Concept_01.png: Generated files are not backed up
/styles/square_thumbnail/public/image011.png: Generated files are not backed up
/styles/square_thumbnail/public/image027.png: Generated files are not backed up
/styles/square_thumbnail/public/image053.png: Generated files are not backed up
/styles/square_thumbnail/public/Sponsoring_SotM_Europe_2014-1.jpg: Generated files are not backed up
/styles/square_thumbnail/public/media-youtube/y6m8XFYKR4g.jpg: Generated files are not backed up
/styles/medium_large/public/logo.jpg: Generated files are not backed up
/styles/medium/public/FE_logo_1.png: Generated files are not backed up
/styles/medium_large/public/Maddata_logo_1.png: Generated files are not backed up
/styles/medium/public/logo_transparente-720.png: Generated files are not backed up
/styles/square_thumbnail/public/cropped-header6.jpg: Generated files are not backed up
/styles/square_thumbnail/public/resize (2).jpg: Generated files are not backed up
/styles/large/public/open stockholm.png: Generated files are not backed up
/styles/large/public/Nearhood_image2.png: Generated files are not backed up
/styles/square_thumbnail/public/appsforFlanders_0.png: Generated files are not backed up
/styles/square_thumbnail/public/Logo new.jpg: Generated files are not backed up
/styles/medium_large/public/kulturrc3a5det-telemuseet.jpg: Generated files are not backed up
/styles/large/public/open stockholm_0.png: Generated files are not backed up
/styles/medium/public/JacathonLogo.jpg: Generated files are not backed up
/styles/large/public/okfn_0.jpg: Generated files are not backed up
/styles/large/public/Esade3.png: Generated files are not backed up
/styles/large/public/logo_Italian.png: Generated files are not backed up
/styles/apps_logo/public/apps/section_0.png: Generated files are not backed up
/styles/large/public/CIP little.png: Generated files are not backed up
/styles/square_thumbnail/public/image045.png: Generated files are not backed up
/styles/square_thumbnail/public/logocuadrado_0.png: Generated files are not backed up
/styles/square_thumbnail/public/media-youtube/KXHFykI5QwQ.jpg: Generated files are not backed up
/styles/apps_screenshot/public/apps/section_screenshot_apps_0.png: Generated files are not backed up
/styles/medium/public/Maddata_logo_1.png: Generated files are not backed up
/styles/square_thumbnail/public/Eurapp Infographic_0.png: Generated files are not backed up
/styles/square_thumbnail/public/Screen shot 2013-07-25 at 15.52.59 copy.png: Generated files are not backed up
/styles/medium_large/public/logo_transparente-720.png: Generated files are not backed up
/styles/large/public/karen.png: Generated files are not backed up
/styles/medium/public/kulturrc3a5det-telemuseet.jpg: Generated files are not backed up
/styles/square_thumbnail/public/media-youtube/VQb5KeUuMhU.jpg: Generated files are not backed up
/styles/large/public/okfest-2014-logo1.png: Generated files are not backed up
/styles/square_thumbnail/public/image003.png: Generated files are not backed up
/styles/square_thumbnail/public/image025.png: Generated files are not backed up
/styles/square_thumbnail/public/Codebits-circles (2)_0.png: Generated files are not backed up
/styles/large/public/automne numerique_0.jpg: Generated files are not backed up
/styles/square_thumbnail/public/Esade3.png: Generated files are not backed up
/styles/large/public/logo_transparente-720.png: Generated files are not backed up
/styles/large/public/businesloung photo1.jpg: Generated files are not backed up
/styles/square_thumbnail/public/Eurapp Infographic 2 (1)_0.png: Generated files are not backed up
/styles/square_thumbnail/public/media-youtube/fmr3NZxbwJo.jpg: Generated files are not backed up
/styles/medium/public/003372_57_031082.jpg: Generated files are not backed up
/styles/square_thumbnail/public/Europeana_Logo_uk_3_0.jpg: Generated files are not backed up
/styles/square_thumbnail/public/media-youtube/feHecIYo0i0.jpg: Generated files are not backed up
/styles/square_thumbnail/public/data_days_2014_1.jpg: Generated files are not backed up
/styles/medium/public/data days kick off.jpg: Generated files are not backed up
/styles/large/public/logo_English_Apples.png: Generated files are not backed up
/styles/square_thumbnail/public/thessaloniki_final.jpg: Generated files are not backed up
/styles/medium_large/public/europeana-logo-en_0.png: Generated files are not backed up
/styles/square_thumbnail/public/logo_futureplus.jpg: Generated files are not backed up
/styles/large/public/slide-2-638.jpg: Generated files are not backed up
/styles/square_thumbnail/public/media-youtube/wqHel8f26eo.jpg: Generated files are not backed up
/styles/apps_logo/public/apps/social_0.png: Generated files are not backed up
/styles/large/public/image025.png: Generated files are not backed up
/styles/square_thumbnail/public/okfn_0.jpg: Generated files are not backed up
/styles/medium/public/HACKATHONIST2014.jpg: Generated files are not backed up
/styles/large/public/Carambla_image1_0.PNG: Generated files are not backed up
/styles/square_thumbnail/public/app structure - layout.jpg: Generated files are not backed up
/styles/large/public/apps/location.png: Generated files are not backed up
/styles/square_thumbnail/public/image047.png: Generated files are not backed up
/styles/large/public/Screenshot-2014-04-05-20.58.28.jpg: Generated files are not backed up
/styles/apps_logo/public/apps/location.png: Generated files are not backed up
/styles/large/public/entrepreneur_in_residence.jpg: Generated files are not backed up
/styles/medium_large/public/okfn.jpg: Generated files are not backed up
/styles/medium_large/public/HACKATHONIST2014.jpg: Generated files are not backed up
/styles/medium/public/opendatafwd_image.jpg: Generated files are not backed up
/styles/apps_logo/public/apps/event_0.png: Generated files are not backed up
/styles/square_thumbnail/public/app_tv_show.png: Generated files are not backed up
/styles/square_thumbnail/public/eurapp_logo.png: Generated files are not backed up
/styles/square_thumbnail/public/homer_image.jpg: Generated files are not backed up
/styles/square_thumbnail/public/slide-5-638.jpg: Generated files are not backed up
/styles/medium_large/public/Sponsoring_SotM_Europe_2014-1.png: Generated files are not backed up
/styles/square_thumbnail/public/media-youtube/omudvAZydAY.jpg: Generated files are not backed up
/styles/medium/public/science-capital-logo-white_large.jpg: Generated files are not backed up
/styles/large/public/media-youtube/1WGNCv9A5Es.jpg: Generated files are not backed up
/styles/square_thumbnail/public/screen480x480.jpeg: Generated files are not backed up
/styles/large/public/CIP little_1.png: Generated files are not backed up
/styles/square_thumbnail/public/logo.jpg: Generated files are not backed up
/styles/large/public/slide-5-638_0.jpg: Generated files are not backed up
/styles/large/public/logo_futureplus.jpg: Generated files are not backed up
/styles/medium_large/public/open stockholm.png: Generated files are not backed up
/styles/square_thumbnail/public/Carambla_logo.png: Generated files are not backed up
/styles/large/public/Europeana_Logo_uk_3_0.jpg: Generated files are not backed up
/styles/square_thumbnail/public/science-capital-logo-white_large.jpg: Generated files are not backed up
/styles/medium/public/new-euroepana-logo.jpg: Generated files are not backed up
/styles/square_thumbnail/public/3G0nNvbo.png: Generated files are not backed up
/styles/medium/public/European Data Forum Logo.png: Generated files are not backed up
/styles/square_thumbnail/public/hacksanfermin_dash.jpg: Generated files are not backed up

If you need immediate access to the files listed here, or have questions about
the state of your files, you can contact support via your Dashboard.

